<?xml version="1.0" encoding="UTF-8"?>
<!-- Generated by org.testng.reporters.JUnitXMLReporter -->
<testsuite ignored="0" hostname="JAYASHREE" failures="3" tests="3" name="Login Tests" time="13.097" errors="0" timestamp="2026-02-19T19:45:25 IST">
  <testcase classname="com.saucedemo.tests.LoginTest" name="testInvalidLogin" time="0.778">
    <failure type="java.lang.AssertionError" message="expected [User is not on products page] but found [false]">
      <![CDATA[java.lang.AssertionError: expected [User is not on products page] but found [false]
at com.saucedemo.tests.LoginTest.testInvalidLogin(LoginTest.java:42)
at java.base/java.util.ArrayList.forEach(ArrayList.java:1511)
... Removed 32 stack frames]]>
    </failure>
  </testcase> <!-- testInvalidLogin -->
  <testcase classname="com.saucedemo.tests.LoginTest" name="testLockedUserLogin" time="0.878">
    <failure type="java.lang.AssertionError" message="expected [Locked out user] but found [false]">
      <![CDATA[java.lang.AssertionError: expected [Locked out user] but found [false]
at com.saucedemo.tests.LoginTest.testLockedUserLogin(LoginTest.java:53)
at java.base/java.util.ArrayList.forEach(ArrayList.java:1511)
... Removed 32 stack frames]]>
    </failure>
  </testcase> <!-- testLockedUserLogin -->
  <testcase classname="com.saucedemo.tests.LoginTest" name="testValidLogin" time="1.214">
    <failure type="java.lang.AssertionError" message="expected [Products] but found [Swag Labs]">
      <![CDATA[java.lang.AssertionError: expected [Products] but found [Swag Labs]
at com.saucedemo.tests.LoginTest.testValidLogin(LoginTest.java:27)
at java.base/java.util.ArrayList.forEach(ArrayList.java:1511)
... Removed 33 stack frames]]>
    </failure>
  </testcase> <!-- testValidLogin -->
</testsuite> <!-- Login Tests -->
